<?xml version="1.0" encoding="UTF-8"?>
<testsuite name="io.github.yingqiu0871.evolune.wear.WearSkipNotificationPolicyTest" tests="2" skipped="0" failures="0" errors="0" timestamp="2026-09-13T18:05:55.804Z" hostname="人面不知何处去" time="0.002">
  <properties/>
  <testcase name="stale identity and forged notification id are rejected" classname="io.github.yingqiu0871.evolune.wear.WearSkipNotificationPolicyTest" time="0.001"/>
  <testcase name="valid occurrence resolves the exact alarm request offset" classname="io.github.yingqiu0871.evolune.wear.WearSkipNotificationPolicyTest" time="0.001"/>
  <system-out><![CDATA[]]></system-out>
  <system-err><![CDATA[]]></system-err>
</testsuite>
