<?xml version="1.0" encoding="UTF-8"?>
<testsuite name="io.github.yingqiu0871.evolune.experience.wear.WearAppConfirmationProtocolTest" tests="5" skipped="0" failures="0" errors="0" timestamp="2026-09-15T21:21:22.823Z" hostname="人面不知何处去" time="0.029">
  <properties/>
  <testcase name="success requires a real event id and rejects never carry one" classname="io.github.yingqiu0871.evolune.experience.wear.WearAppConfirmationProtocolTest" time="0.023"/>
  <testcase name="command round trips and carries no authoritative presentation fields" classname="io.github.yingqiu0871.evolune.experience.wear.WearAppConfirmationProtocolTest" time="0.005"/>
  <testcase name="unknown field is ignored while duplicate known field rejects" classname="io.github.yingqiu0871.evolune.experience.wear.WearAppConfirmationProtocolTest" time="0.0"/>
  <testcase name="paths are strict and bind operation id" classname="io.github.yingqiu0871.evolune.experience.wear.WearAppConfirmationProtocolTest" time="0.001"/>
  <testcase name="unsupported and malformed commands are rejected" classname="io.github.yingqiu0871.evolune.experience.wear.WearAppConfirmationProtocolTest" time="0.0"/>
  <system-out><![CDATA[]]></system-out>
  <system-err><![CDATA[]]></system-err>
</testsuite>
