<?xml version="1.0" encoding="UTF-8"?>
<testsuite name="io.github.yingqiu0871.evolune.application.CrossEntryOccurrenceConcurrencyTest" tests="3" skipped="0" failures="0" errors="0" timestamp="2026-09-17T13:44:53.572Z" hostname="人面不知何处去" time="0.128">
  <properties/>
  <testcase name="different occurrences can confirm concurrently without conflicting" classname="io.github.yingqiu0871.evolune.application.CrossEntryOccurrenceConcurrencyTest" time="0.108"/>
  <testcase name="Wear read followed by Widget insert still leaves one event" classname="io.github.yingqiu0871.evolune.application.CrossEntryOccurrenceConcurrencyTest" time="0.014"/>
  <testcase name="Widget read followed by Wear command still leaves Widget as the winner" classname="io.github.yingqiu0871.evolune.application.CrossEntryOccurrenceConcurrencyTest" time="0.005"/>
  <system-out><![CDATA[]]></system-out>
  <system-err><![CDATA[]]></system-err>
</testsuite>
