<?xml version="1.0" encoding="UTF-8"?>
<testsuite name="io.github.yingqiu0871.evolune.experience.insights.MedicationInsightsPerformanceSmokeTest" tests="1" skipped="0" failures="0" errors="0" timestamp="2026-09-16T07:44:29.606Z" hostname="人面不知何处去" time="0.022">
  <properties/>
  <testcase name="ten thousand entries aggregate in linear time" classname="io.github.yingqiu0871.evolune.experience.insights.MedicationInsightsPerformanceSmokeTest" time="0.022"/>
  <system-out><![CDATA[]]></system-out>
  <system-err><![CDATA[]]></system-err>
</testsuite>
