<?xml version="1.0" encoding="UTF-8"?>
<testsuite name="io.github.yingqiu0871.evolune.data.mapper.PersistenceInstantMapperTest" tests="3" skipped="0" failures="0" errors="0" timestamp="2026-09-13T18:56:21.580Z" hostname="人面不知何处去" time="0.001">
  <properties/>
  <testcase name="ordinaryInstantMapsToExactEpochMillis" classname="io.github.yingqiu0871.evolune.data.mapper.PersistenceInstantMapperTest" time="0.0"/>
  <testcase name="minimumInstantReturnsExplicitFailure" classname="io.github.yingqiu0871.evolune.data.mapper.PersistenceInstantMapperTest" time="0.001"/>
  <testcase name="maximumInstantReturnsExplicitFailure" classname="io.github.yingqiu0871.evolune.data.mapper.PersistenceInstantMapperTest" time="0.0"/>
  <system-out><![CDATA[]]></system-out>
  <system-err><![CDATA[]]></system-err>
</testsuite>
