<?xml version="1.0" encoding="UTF-8"?>
<testsuite name="io.github.yingqiu0871.evolune.wear.WearProductionBypassBoundaryTest" tests="3" skipped="0" failures="0" errors="0" timestamp="2026-09-13T21:00:49.032Z" hostname="人面不知何处去" time="0.026">
  <properties/>
  <testcase name="Wear listener uses provider handler and controlled service lifecycle" classname="io.github.yingqiu0871.evolune.wear.WearProductionBypassBoundaryTest" time="0.0"/>
  <testcase name="Wear and composition production paths have no persistence bypass" classname="io.github.yingqiu0871.evolune.wear.WearProductionBypassBoundaryTest" time="0.025"/>
  <testcase name="Wear action handler selects only WearActionRecorder" classname="io.github.yingqiu0871.evolune.wear.WearProductionBypassBoundaryTest" time="0.001"/>
  <system-out><![CDATA[]]></system-out>
  <system-err><![CDATA[]]></system-err>
</testsuite>
