<?xml version="1.0" encoding="UTF-8"?>
<testsuite name="io.github.yingqiu0871.evolune.utils.MedicationPlanPredictorParityTest" tests="3" skipped="0" failures="0" errors="0" timestamp="2026-09-13T20:54:08.529Z" hostname="人面不知何处去" time="0.005">
  <properties/>
  <testcase name="Domain and legacy predictions use identical atZone DST gap and overlap rules" classname="io.github.yingqiu0871.evolune.utils.MedicationPlanPredictorParityTest" time="0.003"/>
  <testcase name="Domain and legacy predictions match for DAILY WEEKLY and CUSTOM" classname="io.github.yingqiu0871.evolune.utils.MedicationPlanPredictorParityTest" time="0.0"/>
  <testcase name="Domain path preserves duplicate times boundaries and legacy ordering" classname="io.github.yingqiu0871.evolune.utils.MedicationPlanPredictorParityTest" time="0.001"/>
  <system-out><![CDATA[]]></system-out>
  <system-err><![CDATA[]]></system-err>
</testsuite>
