<?xml version="1.0" encoding="UTF-8"?>
<testsuite name="io.github.yingqiu0871.evolune.reminder.MedicationPlanReminderScheduleTest" tests="5" skipped="0" failures="0" errors="0" timestamp="2026-09-13T20:54:08.339Z" hostname="人面不知何处去" time="0.003">
  <properties/>
  <testcase name="Domain local schedules use Java defaults across DST gap and overlap" classname="io.github.yingqiu0871.evolune.reminder.MedicationPlanReminderScheduleTest" time="0.003"/>
  <testcase name="Domain reminder schedules cover every schedule type" classname="io.github.yingqiu0871.evolune.reminder.MedicationPlanReminderScheduleTest" time="0.0"/>
  <testcase name="request code offsets remain compatible with legacy alarm keys" classname="io.github.yingqiu0871.evolune.reminder.MedicationPlanReminderScheduleTest" time="0.0"/>
  <testcase name="duplicate times preserve source order and scheduling count" classname="io.github.yingqiu0871.evolune.reminder.MedicationPlanReminderScheduleTest" time="0.0"/>
  <testcase name="one hour reminder window boundary remains unchanged" classname="io.github.yingqiu0871.evolune.reminder.MedicationPlanReminderScheduleTest" time="0.0"/>
  <system-out><![CDATA[]]></system-out>
  <system-err><![CDATA[]]></system-err>
</testsuite>
