<?xml version="1.0" encoding="UTF-8"?>
<testsuite name="io.github.yingqiu0871.evolune.data.migration.LegacyAggregatePreflightTest" tests="5" skipped="0" failures="0" errors="0" timestamp="2026-09-13T21:00:48.319Z" hostname="人面不知何处去" time="0.004">
  <properties/>
  <testcase name="malformedConverterPayloadsAreClassifiedBeforeMapping" classname="io.github.yingqiu0871.evolune.data.migration.LegacyAggregatePreflightTest" time="0.002"/>
  <testcase name="mapperRejectionsRetainTheirPersistedFieldCategory" classname="io.github.yingqiu0871.evolune.data.migration.LegacyAggregatePreflightTest" time="0.001"/>
  <testcase name="validPersistedEventMatchesProductionAcceptance" classname="io.github.yingqiu0871.evolune.data.migration.LegacyAggregatePreflightTest" time="0.0"/>
  <testcase name="validPersistedPlanMatchesProductionAcceptance" classname="io.github.yingqiu0871.evolune.data.migration.LegacyAggregatePreflightTest" time="0.0"/>
  <testcase name="migrationExceptionExposesFingerprintWithoutRawIdentifierOrPayload" classname="io.github.yingqiu0871.evolune.data.migration.LegacyAggregatePreflightTest" time="0.001"/>
  <system-out><![CDATA[]]></system-out>
  <system-err><![CDATA[]]></system-err>
</testsuite>
