<?xml version="1.0" encoding="UTF-8"?>
<testsuite name="io.github.yingqiu0871.evolune.brand.LauncherIconResourceTest" tests="11" skipped="0" failures="0" errors="0" timestamp="2026-09-13T20:54:07.008Z" hostname="人面不知何处去" time="0.76">
  <properties/>
  <testcase name="phone manifest points to the complete launcher icon family" classname="io.github.yingqiu0871.evolune.brand.LauncherIconResourceTest" time="0.044"/>
  <testcase name="final adaptive render matches the v1_5 phone crescent geometry" classname="io.github.yingqiu0871.evolune.brand.LauncherIconResourceTest" time="0.343"/>
  <testcase name="brightness weighted centroid is centered and stable across densities" classname="io.github.yingqiu0871.evolune.brand.LauncherIconResourceTest" time="0.04"/>
  <testcase name="artwork remains inside circle rounded squircle and teardrop masks" classname="io.github.yingqiu0871.evolune.brand.LauncherIconResourceTest" time="0.148"/>
  <testcase name="legacy phone and wear renders preserve their target geometry" classname="io.github.yingqiu0871.evolune.brand.LauncherIconResourceTest" time="0.034"/>
  <testcase name="launcher artwork remains locked to the official master geometry" classname="io.github.yingqiu0871.evolune.brand.LauncherIconResourceTest" time="0.001"/>
  <testcase name="adaptive icon layers are parseable and reference existing resources" classname="io.github.yingqiu0871.evolune.brand.LauncherIconResourceTest" time="0.002"/>
  <testcase name="monochrome and color adaptive outlines are identical" classname="io.github.yingqiu0871.evolune.brand.LauncherIconResourceTest" time="0.066"/>
  <testcase name="wear legacy launcher assets keep the outer corners transparent" classname="io.github.yingqiu0871.evolune.brand.LauncherIconResourceTest" time="0.01"/>
  <testcase name="all launcher densities have matching layers and safe foreground artwork" classname="io.github.yingqiu0871.evolune.brand.LauncherIconResourceTest" time="0.058"/>
  <testcase name="wear manifest points to the same launcher icon family" classname="io.github.yingqiu0871.evolune.brand.LauncherIconResourceTest" time="0.013"/>
  <system-out><![CDATA[]]></system-out>
  <system-err><![CDATA[]]></system-err>
</testsuite>
