<?xml version="1.0" encoding="UTF-8"?>
<testsuite name="io.github.yingqiu0871.evolune.data.migration.contract.MigrationPersistenceContractTest" tests="6" skipped="0" failures="0" errors="0" timestamp="2026-09-13T20:54:07.982Z" hostname="人面不知何处去" time="0.004">
  <properties/>
  <testcase name="medicationPlanMapperLocksScheduleDaysIntervalAndExtrasFailures" classname="io.github.yingqiu0871.evolune.data.migration.contract.MigrationPersistenceContractTest" time="0.0"/>
  <testcase name="convertersAcceptExactlyTheLockedEmptyAndJsonShapes" classname="io.github.yingqiu0871.evolune.data.migration.contract.MigrationPersistenceContractTest" time="0.001"/>
  <testcase name="malformedConverterPayloadsRemainExplicitFailures" classname="io.github.yingqiu0871.evolune.data.migration.contract.MigrationPersistenceContractTest" time="0.0"/>
  <testcase name="everyRouteEsterAndExtraKeyStorageValueMapsThroughDoseEventMapper" classname="io.github.yingqiu0871.evolune.data.migration.contract.MigrationPersistenceContractTest" time="0.0"/>
  <testcase name="inventoryCoversEverySchema2ColumnAndEverySchema3Mapping" classname="io.github.yingqiu0871.evolune.data.migration.contract.MigrationPersistenceContractTest" time="0.003"/>
  <testcase name="doseEventMapperClassifiesEveryLockedInvalidStorageDimension" classname="io.github.yingqiu0871.evolune.data.migration.contract.MigrationPersistenceContractTest" time="0.0"/>
  <system-out><![CDATA[]]></system-out>
  <system-err><![CDATA[]]></system-err>
</testsuite>
