<?xml version="1.0" encoding="UTF-8"?>
<testsuite name="io.github.yingqiu0871.evolune.core.adapter.DomainDoseEventToPkAdapterTest" tests="5" skipped="0" failures="0" errors="0" timestamp="2026-09-16T12:12:48.564Z" hostname="人面不知何处去" time="0.001">
  <properties/>
  <testcase name="maps every representable field and omits Domain-only metadata" classname="io.github.yingqiu0871.evolune.core.adapter.DomainDoseEventToPkAdapterTest" time="0.001"/>
  <testcase name="covers every supported Route and Ester without fallback" classname="io.github.yingqiu0871.evolune.core.adapter.DomainDoseEventToPkAdapterTest" time="0.0"/>
  <testcase name="preserves empty input input order and duplicate timestamps" classname="io.github.yingqiu0871.evolune.core.adapter.DomainDoseEventToPkAdapterTest" time="0.0"/>
  <testcase name="rejects an Instant outside the legacy PK time range" classname="io.github.yingqiu0871.evolune.core.adapter.DomainDoseEventToPkAdapterTest" time="0.0"/>
  <testcase name="keeps edge dose values and exact millisecond conversion" classname="io.github.yingqiu0871.evolune.core.adapter.DomainDoseEventToPkAdapterTest" time="0.0"/>
  <system-out><![CDATA[]]></system-out>
  <system-err><![CDATA[]]></system-err>
</testsuite>
