<?xml version="1.0" encoding="UTF-8"?>
<testsuite name="io.github.yingqiu0871.evolune.history.timeline.TimelineOrderingGeneratorParityTest" tests="2" skipped="0" failures="0" errors="0" timestamp="2026-09-16T12:12:49.627Z" hostname="人面不知何处去" time="0.004">
  <properties/>
  <testcase name="TLM18 Timeline same-instant occurrence order matches live generator order" classname="io.github.yingqiu0871.evolune.history.timeline.TimelineOrderingGeneratorParityTest" time="0.004"/>
  <testcase name="TLM18 parity window covers a multi-day generation bound" classname="io.github.yingqiu0871.evolune.history.timeline.TimelineOrderingGeneratorParityTest" time="0.0"/>
  <system-out><![CDATA[]]></system-out>
  <system-err><![CDATA[]]></system-err>
</testsuite>
