<?xml version="1.0" encoding="UTF-8"?>
<testsuite name="io.github.yingqiu0871.evolune.history.insights.InsightsViewModelIntegrationTest" tests="2" skipped="0" failures="0" errors="0" timestamp="2026-09-16T10:50:29.654Z" hostname="人面不知何处去" time="0.006">
  <properties/>
  <testcase name="the state carries the frozen aggregation of the range the read returned" classname="io.github.yingqiu0871.evolune.history.insights.InsightsViewModelIntegrationTest" time="0.006"/>
  <testcase name="the same range produces the same summary twice" classname="io.github.yingqiu0871.evolune.history.insights.InsightsViewModelIntegrationTest" time="0.0"/>
  <system-out><![CDATA[]]></system-out>
  <system-err><![CDATA[]]></system-err>
</testsuite>
