<?xml version="1.0" encoding="UTF-8"?>
<testsuite name="io.github.yingqiu0871.evolune.ui.components.ConcentrationChartLayoutTest" tests="3" skipped="0" failures="0" errors="0" timestamp="2026-09-17T14:04:52.640Z" hostname="人面不知何处去" time="0.003">
  <properties/>
  <testcase name="wideChartCapsXAxisLabels" classname="io.github.yingqiu0871.evolune.ui.components.ConcentrationChartLayoutTest" time="0.003"/>
  <testcase name="invalidDimensionsFallBackToTwoLabels" classname="io.github.yingqiu0871.evolune.ui.components.ConcentrationChartLayoutTest" time="0.0"/>
  <testcase name="narrowChartReducesXAxisLabels" classname="io.github.yingqiu0871.evolune.ui.components.ConcentrationChartLayoutTest" time="0.0"/>
  <system-out><![CDATA[]]></system-out>
  <system-err><![CDATA[]]></system-err>
</testsuite>
