<?xml version="1.0" encoding="UTF-8"?>
<testsuite name="io.github.yingqiu0871.evolune.wear.WearAppSnapshotRevisionStoreTest" tests="1" skipped="0" failures="0" errors="0" timestamp="2026-09-17T14:04:53.205Z" hostname="人面不知何处去" time="0.009">
  <properties/>
  <testcase name="reservation precedes capture and older capture is older when it completes last" classname="io.github.yingqiu0871.evolune.wear.WearAppSnapshotRevisionStoreTest" time="0.009"/>
  <system-out><![CDATA[]]></system-out>
  <system-err><![CDATA[]]></system-err>
</testsuite>
