<?xml version="1.0" encoding="UTF-8"?>
<testsuite name="io.github.yingqiu0871.evolune.widget.WidgetStringsParityTest" tests="2" skipped="0" failures="0" errors="0" timestamp="2026-09-17T14:04:53.339Z" hostname="人面不知何处去" time="0.002">
  <properties/>
  <testcase name="the rejection feedback wording stays neutral and factually scoped" classname="io.github.yingqiu0871.evolune.widget.WidgetStringsParityTest" time="0.001"/>
  <testcase name="the rejection feedback string exists in both authorities with identical text" classname="io.github.yingqiu0871.evolune.widget.WidgetStringsParityTest" time="0.001"/>
  <system-out><![CDATA[]]></system-out>
  <system-err><![CDATA[]]></system-err>
</testsuite>
