<?xml version="1.0" encoding="UTF-8"?>
<testsuite name="io.github.yingqiu0871.evolune.InitialRouteForIntentTest" tests="2" skipped="0" failures="0" errors="0" timestamp="2026-09-13T22:40:44.842Z" hostname="人面不知何处去" time="0.0">
  <properties/>
  <testcase name="unrelatedActionsKeepNormalHomeStart" classname="io.github.yingqiu0871.evolune.InitialRouteForIntentTest" time="0.0"/>
  <testcase name="healthConnectRationaleActionsOpenDisclosures" classname="io.github.yingqiu0871.evolune.InitialRouteForIntentTest" time="0.0"/>
  <system-out><![CDATA[]]></system-out>
  <system-err><![CDATA[]]></system-err>
</testsuite>
