<?xml version="1.0" encoding="UTF-8"?>
<testsuite name="io.github.yingqiu0871.evolune.application.ReplayPolicyBoundaryTest" tests="1" skipped="0" failures="0" errors="0" timestamp="2026-09-13T22:40:45.161Z" hostname="人面不知何处去" time="0.001">
  <properties/>
  <testcase name="typed recorders own policy selection and Wear production remains disconnected" classname="io.github.yingqiu0871.evolune.application.ReplayPolicyBoundaryTest" time="0.001"/>
  <system-out><![CDATA[]]></system-out>
  <system-err><![CDATA[]]></system-err>
</testsuite>
