<?xml version="1.0" encoding="UTF-8"?>
<testsuite name="io.github.yingqiu0871.evolune.viewmodel.PkSimulationCalculatorTest" tests="1" skipped="0" failures="0" errors="0" timestamp="2026-09-13T20:18:20.539Z" hostname="人面不知何处去" time="0.003">
  <properties/>
  <testcase name="view model calculation preserves range points and concentrations" classname="io.github.yingqiu0871.evolune.viewmodel.PkSimulationCalculatorTest" time="0.003"/>
  <system-out><![CDATA[]]></system-out>
  <system-err><![CDATA[]]></system-err>
</testsuite>
