<?xml version="1.0" encoding="UTF-8"?>
<testsuite name="io.github.yingqiu0871.evolune.backup.EvoluneBackupCodecTest" tests="19" skipped="0" failures="0" errors="0" timestamp="2026-09-14T13:20:50.074Z" hostname="人面不知何处去" time="0.883">
  <properties/>
  <testcase name="missing or extra envelope fields are malformed" classname="io.github.yingqiu0871.evolune.backup.EvoluneBackupCodecTest" time="0.022"/>
  <testcase name="randomized encodes differ and do not reuse salt or nonce" classname="io.github.yingqiu0871.evolune.backup.EvoluneBackupCodecTest" time="0.034"/>
  <testcase name="payload validation rejects duplicate ids and broken references" classname="io.github.yingqiu0871.evolune.backup.EvoluneBackupCodecTest" time="0.001"/>
  <testcase name="representative payload round trips with every supported field preserved" classname="io.github.yingqiu0871.evolune.backup.EvoluneBackupCodecTest" time="0.034"/>
  <testcase name="authenticated malformed payload is rejected before domain validation" classname="io.github.yingqiu0871.evolune.backup.EvoluneBackupCodecTest" time="0.05"/>
  <testcase name="invalid magic algorithm and malformed envelope are rejected" classname="io.github.yingqiu0871.evolune.backup.EvoluneBackupCodecTest" time="0.018"/>
  <testcase name="tampered ciphertext and authenticated metadata fail authentication" classname="io.github.yingqiu0871.evolune.backup.EvoluneBackupCodecTest" time="0.095"/>
  <testcase name="invalid kdf iterations salt nonce and secret are rejected" classname="io.github.yingqiu0871.evolune.backup.EvoluneBackupCodecTest" time="0.017"/>
  <testcase name="escaped strings are not mistaken for JSON object keys" classname="io.github.yingqiu0871.evolune.backup.EvoluneBackupCodecTest" time="0.048"/>
  <testcase name="decode runs on injected crypto dispatcher from main-like caller" classname="io.github.yingqiu0871.evolune.backup.EvoluneBackupCodecTest" time="0.035"/>
  <testcase name="fixed salt and nonce produce stable golden representation" classname="io.github.yingqiu0871.evolune.backup.EvoluneBackupCodecTest" time="0.09"/>
  <testcase name="historical dangling event slot id round trips without being rewritten" classname="io.github.yingqiu0871.evolune.backup.EvoluneBackupCodecTest" time="0.031"/>
  <testcase name="correct passphrase succeeds and wrong passphrase is authentication failure" classname="io.github.yingqiu0871.evolune.backup.EvoluneBackupCodecTest" time="0.048"/>
  <testcase name="payload validation rejects invalid numbers timestamps enums and settings" classname="io.github.yingqiu0871.evolune.backup.EvoluneBackupCodecTest" time="0.001"/>
  <testcase name="non finite JSON numbers fail closed" classname="io.github.yingqiu0871.evolune.backup.EvoluneBackupCodecTest" time="0.077"/>
  <testcase name="future envelope and payload versions fail closed before decoding" classname="io.github.yingqiu0871.evolune.backup.EvoluneBackupCodecTest" time="0.016"/>
  <testcase name="encode runs on injected crypto dispatcher from main-like caller" classname="io.github.yingqiu0871.evolune.backup.EvoluneBackupCodecTest" time="0.018"/>
  <testcase name="unknown root and nested payload fields are rejected" classname="io.github.yingqiu0871.evolune.backup.EvoluneBackupCodecTest" time="0.08"/>
  <testcase name="duplicate JSON object keys fail closed at every supported nesting level" classname="io.github.yingqiu0871.evolune.backup.EvoluneBackupCodecTest" time="0.167"/>
  <system-out><![CDATA[]]></system-out>
  <system-err><![CDATA[]]></system-err>
</testsuite>
