<?xml version="1.0" encoding="UTF-8"?>
<testsuite name="io.github.yingqiu0871.evolune.data.migration.LegacyStorageClassTest" tests="5" skipped="0" failures="0" errors="0" timestamp="2026-09-14T13:20:51.615Z" hostname="人面不知何处去" time="0.001">
  <properties/>
  <testcase name="floatStorageClassIsAllowed" classname="io.github.yingqiu0871.evolune.data.migration.LegacyStorageClassTest" time="0.0"/>
  <testcase name="stringStorageClassFails" classname="io.github.yingqiu0871.evolune.data.migration.LegacyStorageClassTest" time="0.0"/>
  <testcase name="integerStorageClassIsAllowed" classname="io.github.yingqiu0871.evolune.data.migration.LegacyStorageClassTest" time="0.0"/>
  <testcase name="blobStorageClassFails" classname="io.github.yingqiu0871.evolune.data.migration.LegacyStorageClassTest" time="0.0"/>
  <testcase name="nullStorageClassFails" classname="io.github.yingqiu0871.evolune.data.migration.LegacyStorageClassTest" time="0.0"/>
  <system-out><![CDATA[]]></system-out>
  <system-err><![CDATA[]]></system-err>
</testsuite>
