<?xml version="1.0" encoding="UTF-8"?>
<testsuite name="io.github.yingqiu0871.evolune.history.HistoryReadServiceOccurrenceChunkingTest" tests="3" skipped="0" failures="0" errors="0" timestamp="2026-09-15T21:21:47.198Z" hostname="人面不知何处去" time="0.024">
  <properties/>
  <testcase name="custom interval schedule keeps its phase across the chunk boundary" classname="io.github.yingqiu0871.evolune.history.HistoryReadServiceOccurrenceChunkingTest" time="0.016"/>
  <testcase name="weekly schedule keeps its phase across the chunk boundary" classname="io.github.yingqiu0871.evolune.history.HistoryReadServiceOccurrenceChunkingTest" time="0.008"/>
  <testcase name="the occurrence context really exceeds the generator window cap, so chunking happens" classname="io.github.yingqiu0871.evolune.history.HistoryReadServiceOccurrenceChunkingTest" time="0.0"/>
  <system-out><![CDATA[]]></system-out>
  <system-err><![CDATA[]]></system-err>
</testsuite>
