<?xml version="1.0" encoding="UTF-8"?>
<testsuite name="io.github.yingqiu0871.evolune.brand.LauncherIconResourceTest" tests="11" skipped="0" failures="0" errors="0" timestamp="2026-09-13T19:25:58.887Z" hostname="人面不知何处去" time="0.494">
  <properties/>
  <testcase name="phone manifest points to the complete launcher icon family" classname="io.github.yingqiu0871.evolune.brand.LauncherIconResourceTest" time="0.018"/>
  <testcase name="final adaptive render matches the v1_5 phone crescent geometry" classname="io.github.yingqiu0871.evolune.brand.LauncherIconResourceTest" time="0.219"/>
  <testcase name="brightness weighted centroid is centered and stable across densities" classname="io.github.yingqiu0871.evolune.brand.LauncherIconResourceTest" time="0.029"/>
  <testcase name="artwork remains inside circle rounded squircle and teardrop masks" classname="io.github.yingqiu0871.evolune.brand.LauncherIconResourceTest" time="0.071"/>
  <testcase name="legacy phone and wear renders preserve their target geometry" classname="io.github.yingqiu0871.evolune.brand.LauncherIconResourceTest" time="0.032"/>
  <testcase name="launcher artwork remains locked to the official master geometry" classname="io.github.yingqiu0871.evolune.brand.LauncherIconResourceTest" time="0.0"/>
  <testcase name="adaptive icon layers are parseable and reference existing resources" classname="io.github.yingqiu0871.evolune.brand.LauncherIconResourceTest" time="0.002"/>
  <testcase name="monochrome and color adaptive outlines are identical" classname="io.github.yingqiu0871.evolune.brand.LauncherIconResourceTest" time="0.066"/>
  <testcase name="wear legacy launcher assets keep the outer corners transparent" classname="io.github.yingqiu0871.evolune.brand.LauncherIconResourceTest" time="0.008"/>
  <testcase name="all launcher densities have matching layers and safe foreground artwork" classname="io.github.yingqiu0871.evolune.brand.LauncherIconResourceTest" time="0.047"/>
  <testcase name="wear manifest points to the same launcher icon family" classname="io.github.yingqiu0871.evolune.brand.LauncherIconResourceTest" time="0.002"/>
  <system-out><![CDATA[]]></system-out>
  <system-err><![CDATA[]]></system-err>
</testsuite>
