<?xml version="1.0" encoding="UTF-8"?>
<testsuite name="io.github.yingqiu0871.evolune.data.mapper.MedicationPlanEntityMapperTest" tests="20" skipped="0" failures="0" errors="0" timestamp="2026-09-14T15:07:58.950Z" hostname="人面不知何处去" time="0.005">
  <properties/>
  <testcase name="weeklyAllowsEmptyDaysOfWeek" classname="io.github.yingqiu0871.evolune.data.mapper.MedicationPlanEntityMapperTest" time="0.002"/>
  <testcase name="customRetainsIntervalAndDaysOfWeek" classname="io.github.yingqiu0871.evolune.data.mapper.MedicationPlanEntityMapperTest" time="0.0"/>
  <testcase name="timeWithNonZeroSecondsReturnsExplicitFailure" classname="io.github.yingqiu0871.evolune.data.mapper.MedicationPlanEntityMapperTest" time="0.001"/>
  <testcase name="unknownRouteReturnsExplicitFailure" classname="io.github.yingqiu0871.evolune.data.mapper.MedicationPlanEntityMapperTest" time="0.0"/>
  <testcase name="emptyTimeListMapsToEmptySlots" classname="io.github.yingqiu0871.evolune.data.mapper.MedicationPlanEntityMapperTest" time="0.0"/>
  <testcase name="dailyRetainsLegacyFieldsWithoutNormalization" classname="io.github.yingqiu0871.evolune.data.mapper.MedicationPlanEntityMapperTest" time="0.0"/>
  <testcase name="defaultLocaleAndTimeZoneDoNotAffectMapping" classname="io.github.yingqiu0871.evolune.data.mapper.MedicationPlanEntityMapperTest" time="0.0"/>
  <testcase name="timeWithNonZeroNanosecondsReturnsExplicitFailure" classname="io.github.yingqiu0871.evolune.data.mapper.MedicationPlanEntityMapperTest" time="0.0"/>
  <testcase name="malformedTimeReturnsExplicitFailure" classname="io.github.yingqiu0871.evolune.data.mapper.MedicationPlanEntityMapperTest" time="0.0"/>
  <testcase name="dayOfWeekAboveRangeReturnsExplicitFailure" classname="io.github.yingqiu0871.evolune.data.mapper.MedicationPlanEntityMapperTest" time="0.0"/>
  <testcase name="zeroIntervalReturnsPlanInvariantFailure" classname="io.github.yingqiu0871.evolune.data.mapper.MedicationPlanEntityMapperTest" time="0.001"/>
  <testcase name="unknownExtraKeyReturnsExplicitFailure" classname="io.github.yingqiu0871.evolune.data.mapper.MedicationPlanEntityMapperTest" time="0.0"/>
  <testcase name="oneTimeMapsToOneSlot" classname="io.github.yingqiu0871.evolune.data.mapper.MedicationPlanEntityMapperTest" time="0.0"/>
  <testcase name="unknownScheduleTypeReturnsExplicitFailure" classname="io.github.yingqiu0871.evolune.data.mapper.MedicationPlanEntityMapperTest" time="0.0"/>
  <testcase name="createdAtEpochMillisMapsExactlyToInstant" classname="io.github.yingqiu0871.evolune.data.mapper.MedicationPlanEntityMapperTest" time="0.0"/>
  <testcase name="unknownEsterReturnsExplicitFailure" classname="io.github.yingqiu0871.evolune.data.mapper.MedicationPlanEntityMapperTest" time="0.0"/>
  <testcase name="multipleAndDuplicateTimesSortChronologicallyAndReceiveDistinctStableIds" classname="io.github.yingqiu0871.evolune.data.mapper.MedicationPlanEntityMapperTest" time="0.001"/>
  <testcase name="completeSyntheticEntityMapsEveryField" classname="io.github.yingqiu0871.evolune.data.mapper.MedicationPlanEntityMapperTest" time="0.0"/>
  <testcase name="dayOfWeekBelowRangeReturnsExplicitFailure" classname="io.github.yingqiu0871.evolune.data.mapper.MedicationPlanEntityMapperTest" time="0.0"/>
  <testcase name="negativeIntervalReturnsPlanInvariantFailure" classname="io.github.yingqiu0871.evolune.data.mapper.MedicationPlanEntityMapperTest" time="0.0"/>
  <system-out><![CDATA[]]></system-out>
  <system-err><![CDATA[]]></system-err>
</testsuite>
