<?xml version="1.0" encoding="UTF-8"?>
<testsuite name="io.github.yingqiu0871.evolune.experience.PureDependencyBoundaryTest" tests="2" skipped="0" failures="0" errors="0" timestamp="2026-09-16T19:28:29.473Z" hostname="人面不知何处去" time="0.023">
  <properties/>
  <testcase name="production primitives have no Android UI persistence or transport coupling" classname="io.github.yingqiu0871.evolune.experience.PureDependencyBoundaryTest" time="0.022"/>
  <testcase name="module uses the pure Kotlin JVM plugin" classname="io.github.yingqiu0871.evolune.experience.PureDependencyBoundaryTest" time="0.001"/>
  <system-out><![CDATA[]]></system-out>
  <system-err><![CDATA[]]></system-err>
</testsuite>
