<?xml version="1.0" encoding="UTF-8"?>
<testsuite name="io.github.yingqiu0871.evolune.experience.insights.MedicationInsightsPerformanceSmokeTest" tests="1" skipped="0" failures="0" errors="0" timestamp="2026-09-16T10:50:10.285Z" hostname="人面不知何处去" time="0.02">
  <properties/>
  <testcase name="ten thousand entries aggregate in linear time" classname="io.github.yingqiu0871.evolune.experience.insights.MedicationInsightsPerformanceSmokeTest" time="0.02"/>
  <system-out><![CDATA[]]></system-out>
  <system-err><![CDATA[]]></system-err>
</testsuite>
