<?xml version="1.0" encoding="UTF-8"?>
<testsuite name="io.github.yingqiu0871.evolune.history.pk.RetrospectivePkGuardTest" tests="3" skipped="0" failures="0" errors="0" timestamp="2026-09-17T09:44:41.111Z" hostname="人面不知何处去" time="0.023">
  <properties/>
  <testcase name="the retrospective package has no second path to the facts" classname="io.github.yingqiu0871.evolune.history.pk.RetrospectivePkGuardTest" time="0.015"/>
  <testcase name="the approved seam token is present and the scan is non-vacuous" classname="io.github.yingqiu0871.evolune.history.pk.RetrospectivePkGuardTest" time="0.002"/>
  <testcase name="the retrospective package has no clock, zone, clamp or math shortcut leakage" classname="io.github.yingqiu0871.evolune.history.pk.RetrospectivePkGuardTest" time="0.006"/>
  <system-out><![CDATA[]]></system-out>
  <system-err><![CDATA[]]></system-err>
</testsuite>
