<?xml version="1.0" encoding="UTF-8"?>
<testsuite name="io.github.yingqiu0871.evolune.data.mapper.ScheduleTypeMapperTest" tests="2" skipped="0" failures="0" errors="0" timestamp="2026-09-17T09:44:39.799Z" hostname="人面不知何处去" time="0.0">
  <properties/>
  <testcase name="allDomainTypesMapExplicitlyToLegacyTypes" classname="io.github.yingqiu0871.evolune.data.mapper.ScheduleTypeMapperTest" time="0.0"/>
  <testcase name="allLegacyTypesMapExplicitlyToDomainTypes" classname="io.github.yingqiu0871.evolune.data.mapper.ScheduleTypeMapperTest" time="0.0"/>
  <system-out><![CDATA[]]></system-out>
  <system-err><![CDATA[]]></system-err>
</testsuite>
