<?xml version="1.0" encoding="UTF-8"?>
<testsuite name="io.github.yingqiu0871.evolune.export.PortableStringsParityTest" tests="4" skipped="0" failures="0" errors="0" timestamp="2026-09-17T09:44:40.160Z" hostname="人面不知何处去" time="0.017">
  <properties/>
  <testcase name="the legacy label distinguishes Mahiro compatibility from the canonical format" classname="io.github.yingqiu0871.evolune.export.PortableStringsParityTest" time="0.005"/>
  <testcase name="no adherence or grading vocabulary appears in the Phase-E string family" classname="io.github.yingqiu0871.evolune.export.PortableStringsParityTest" time="0.006"/>
  <testcase name="both shipped resources carry the same Phase-E key family" classname="io.github.yingqiu0871.evolune.export.PortableStringsParityTest" time="0.002"/>
  <testcase name="every Phase-E key keeps an identical placeholder signature in both files" classname="io.github.yingqiu0871.evolune.export.PortableStringsParityTest" time="0.004"/>
  <system-out><![CDATA[]]></system-out>
  <system-err><![CDATA[]]></system-err>
</testsuite>
