<?xml version="1.0" encoding="UTF-8"?>
<testsuite name="io.github.yingqiu0871.evolune.reminder.ReminderDoseFactoryTest" tests="3" skipped="0" failures="0" errors="0" timestamp="2026-09-17T09:44:41.751Z" hostname="人面不知何处去" time="0.001">
  <properties/>
  <testcase name="same occurrence creates the same id" classname="io.github.yingqiu0871.evolune.reminder.ReminderDoseFactoryTest" time="0.001"/>
  <testcase name="different occurrences create different ids" classname="io.github.yingqiu0871.evolune.reminder.ReminderDoseFactoryTest" time="0.0"/>
  <testcase name="confirmed record copies plan details and confirmation time" classname="io.github.yingqiu0871.evolune.reminder.ReminderDoseFactoryTest" time="0.0"/>
  <system-out><![CDATA[]]></system-out>
  <system-err><![CDATA[]]></system-err>
</testsuite>
