<?xml version="1.0" encoding="UTF-8"?>
<testsuite name="io.github.yingqiu0871.evolune.navigation.FeatureTutorialRouteTest" tests="3" skipped="0" failures="0" errors="0" timestamp="2026-09-17T09:44:41.704Z" hostname="人面不知何处去" time="0.006">
  <properties/>
  <testcase name="pendingFreshInstallStartsAtFeatureTutorialAfterLegalGate" classname="io.github.yingqiu0871.evolune.navigation.FeatureTutorialRouteTest" time="0.006"/>
  <testcase name="completedOrUpgradeStateDoesNotAutoLaunchTutorial" classname="io.github.yingqiu0871.evolune.navigation.FeatureTutorialRouteTest" time="0.0"/>
  <testcase name="explicitIntentRouteWinsOverTutorial" classname="io.github.yingqiu0871.evolune.navigation.FeatureTutorialRouteTest" time="0.0"/>
  <system-out><![CDATA[]]></system-out>
  <system-err><![CDATA[]]></system-err>
</testsuite>
