<?xml version="1.0" encoding="UTF-8"?>
<testsuite name="io.github.yingqiu0871.evolune.export.PortableCrossFormatTest" tests="5" skipped="0" failures="0" errors="0" timestamp="2026-09-17T09:44:39.863Z" hostname="人面不知何处去" time="0.014">
  <properties/>
  <testcase name="legacy export failures are typed and never escape as IllegalArgumentException" classname="io.github.yingqiu0871.evolune.export.PortableCrossFormatTest" time="0.003"/>
  <testcase name="unexpected runtime failures map to a typed unexpected outcome" classname="io.github.yingqiu0871.evolune.export.PortableCrossFormatTest" time="0.002"/>
  <testcase name="a valid canonical document via the legacy Mahiro surface writes nothing" classname="io.github.yingqiu0871.evolune.export.PortableCrossFormatTest" time="0.006"/>
  <testcase name="unrelated meta versions and unknown fields stay tolerated and are never a canonical gate" classname="io.github.yingqiu0871.evolune.export.PortableCrossFormatTest" time="0.002"/>
  <testcase name="legacy documents without meta remain accepted" classname="io.github.yingqiu0871.evolune.export.PortableCrossFormatTest" time="0.001"/>
  <system-out><![CDATA[]]></system-out>
  <system-err><![CDATA[]]></system-err>
</testsuite>
